<?xml version="1.0" encoding="UTF-8"?>
<!-- Generated by org.testng.reporters.JUnitXMLReporter -->
<testsuite ignored="0" hostname="LAPTOP-2GF41894" failures="0" tests="5" name="Default test" time="10.446" errors="0" timestamp="2023-10-02T11:48:13 IST">
  <testcase classname="api.test.UserTest" name="testCreateUser" time="3.122"/>
  <testcase classname="api.test.UserTest" name="testGetUserByName" time="1.293"/>
  <testcase classname="api.test.UserTest" name="testJsonSchemaValidation" time="1.479"/>
  <testcase classname="api.test.UserTest" name="testUpdteUserByName" time="2.533"/>
  <testcase classname="api.test.UserTest" name="testDeleteUserByName" time="1.278"/>
</testsuite> <!-- Default test -->
