<?xml version="1.0" encoding="UTF-8"?>
<testng-results ignored="0" total="5" passed="5" failed="0" skipped="0">
  <reporter-output>
  </reporter-output>
  <suite started-at="2023-10-03T06:31:10 IST" name="PetSuite" finished-at="2023-10-03T06:31:21 IST" duration-ms="10952">
    <groups>
    </groups>
    <test started-at="2023-10-03T06:31:10 IST" name="PetTest" finished-at="2023-10-03T06:31:21 IST" duration-ms="10952">
      <class name="api.test.UserTest">
        <test-method is-config="true" signature="setup()[pri:0, instance:api.test.UserTest@1ffaf86]" started-at="2023-10-03T06:31:10 IST" name="setup" finished-at="2023-10-03T06:31:11 IST" duration-ms="660" status="PASS">
          <reporter-output>
          </reporter-output>
        </test-method> <!-- setup -->
        <test-method signature="testCreateUser()[pri:1, instance:api.test.UserTest@1ffaf86]" started-at="2023-10-03T06:31:11 IST" name="testCreateUser" finished-at="2023-10-03T06:31:14 IST" duration-ms="3325" status="PASS">
          <reporter-output>
          </reporter-output>
        </test-method> <!-- testCreateUser -->
        <test-method signature="testGetUserByName()[pri:2, instance:api.test.UserTest@1ffaf86]" started-at="2023-10-03T06:31:14 IST" name="testGetUserByName" finished-at="2023-10-03T06:31:16 IST" duration-ms="1378" status="PASS">
          <reporter-output>
          </reporter-output>
        </test-method> <!-- testGetUserByName -->
        <test-method signature="testJsonSchemaValidation()[pri:3, instance:api.test.UserTest@1ffaf86]" started-at="2023-10-03T06:31:16 IST" name="testJsonSchemaValidation" finished-at="2023-10-03T06:31:17 IST" duration-ms="1495" status="PASS">
          <reporter-output>
          </reporter-output>
        </test-method> <!-- testJsonSchemaValidation -->
        <test-method signature="testUpdteUserByName()[pri:4, instance:api.test.UserTest@1ffaf86]" started-at="2023-10-03T06:31:17 IST" name="testUpdteUserByName" finished-at="2023-10-03T06:31:20 IST" duration-ms="2519" status="PASS">
          <reporter-output>
          </reporter-output>
        </test-method> <!-- testUpdteUserByName -->
        <test-method signature="testDeleteUserByName()[pri:5, instance:api.test.UserTest@1ffaf86]" started-at="2023-10-03T06:31:20 IST" name="testDeleteUserByName" finished-at="2023-10-03T06:31:21 IST" duration-ms="1271" status="PASS">
          <reporter-output>
          </reporter-output>
        </test-method> <!-- testDeleteUserByName -->
      </class> <!-- api.test.UserTest -->
    </test> <!-- PetTest -->
  </suite> <!-- PetSuite -->
</testng-results>
