<?xml version="1.0" encoding="UTF-8"?>
<testng-results ignored="0" total="5" passed="5" failed="0" skipped="0">
  <reporter-output>
  </reporter-output>
  <suite started-at="2023-10-02T17:03:31 IST" name="PetSuite" finished-at="2023-10-02T17:03:42 IST" duration-ms="10681">
    <groups>
    </groups>
    <test started-at="2023-10-02T17:03:31 IST" name="PetTest" finished-at="2023-10-02T17:03:42 IST" duration-ms="10681">
      <class name="api.test.UserTest">
        <test-method is-config="true" signature="setup()[pri:0, instance:api.test.UserTest@1a942c18]" started-at="2023-10-02T17:03:32 IST" name="setup" finished-at="2023-10-02T17:03:32 IST" duration-ms="659" status="PASS">
          <reporter-output>
          </reporter-output>
        </test-method> <!-- setup -->
        <test-method signature="testCreateUser()[pri:1, instance:api.test.UserTest@1a942c18]" started-at="2023-10-02T17:03:32 IST" name="testCreateUser" finished-at="2023-10-02T17:03:35 IST" duration-ms="3031" status="PASS">
          <reporter-output>
          </reporter-output>
        </test-method> <!-- testCreateUser -->
        <test-method signature="testGetUserByName()[pri:2, instance:api.test.UserTest@1a942c18]" started-at="2023-10-02T17:03:35 IST" name="testGetUserByName" finished-at="2023-10-02T17:03:37 IST" duration-ms="1295" status="PASS">
          <reporter-output>
          </reporter-output>
        </test-method> <!-- testGetUserByName -->
        <test-method signature="testJsonSchemaValidation()[pri:3, instance:api.test.UserTest@1a942c18]" started-at="2023-10-02T17:03:37 IST" name="testJsonSchemaValidation" finished-at="2023-10-02T17:03:38 IST" duration-ms="1525" status="PASS">
          <reporter-output>
          </reporter-output>
        </test-method> <!-- testJsonSchemaValidation -->
        <test-method signature="testUpdteUserByName()[pri:4, instance:api.test.UserTest@1a942c18]" started-at="2023-10-02T17:03:38 IST" name="testUpdteUserByName" finished-at="2023-10-02T17:03:41 IST" duration-ms="2522" status="PASS">
          <reporter-output>
          </reporter-output>
        </test-method> <!-- testUpdteUserByName -->
        <test-method signature="testDeleteUserByName()[pri:5, instance:api.test.UserTest@1a942c18]" started-at="2023-10-02T17:03:41 IST" name="testDeleteUserByName" finished-at="2023-10-02T17:03:42 IST" duration-ms="1265" status="PASS">
          <reporter-output>
          </reporter-output>
        </test-method> <!-- testDeleteUserByName -->
      </class> <!-- api.test.UserTest -->
    </test> <!-- PetTest -->
  </suite> <!-- PetSuite -->
</testng-results>
