<?xml version="1.0" encoding="UTF-8"?>
<!-- Generated by org.testng.reporters.JUnitXMLReporter -->
<testsuite ignored="0" hostname="LAPTOP-2GF41894" failures="0" tests="5" name="PetTest" time="10.952" errors="0" timestamp="2023-10-03T06:31:21 IST">
  <testcase classname="api.test.UserTest" name="testCreateUser" time="3.325"/>
  <testcase classname="api.test.UserTest" name="testGetUserByName" time="1.378"/>
  <testcase classname="api.test.UserTest" name="testJsonSchemaValidation" time="1.495"/>
  <testcase classname="api.test.UserTest" name="testUpdteUserByName" time="2.519"/>
  <testcase classname="api.test.UserTest" name="testDeleteUserByName" time="1.271"/>
</testsuite> <!-- PetTest -->
