<?xml version="1.0" encoding="UTF-8"?>
<!-- Generated by org.testng.reporters.JUnitXMLReporter -->
<testsuite ignored="0" hostname="LAPTOP-2GF41894" failures="0" tests="5" name="PetTest" time="10.681" errors="0" timestamp="2023-10-02T17:03:42 IST">
  <testcase classname="api.test.UserTest" name="testCreateUser" time="3.031"/>
  <testcase classname="api.test.UserTest" name="testGetUserByName" time="1.295"/>
  <testcase classname="api.test.UserTest" name="testJsonSchemaValidation" time="1.525"/>
  <testcase classname="api.test.UserTest" name="testUpdteUserByName" time="2.522"/>
  <testcase classname="api.test.UserTest" name="testDeleteUserByName" time="1.265"/>
</testsuite> <!-- PetTest -->
